<?xml version="1.0" encoding="UTF-8"?>
<!-- Generated by org.testng.reporters.JUnitReportReporter -->
<testsuite hostname="Bindus-MacBook-Air.local" failures="0" tests="3" name="testCases.TC05_AddAnItemToWishList" time="4.846" errors="0" timestamp="2025-02-14T09:16:07 PST" skipped="0">
  <testcase classname="testCases.TC05_AddAnItemToWishList" name="testAddToWishList" time="1.577"/>
  <testcase classname="testCases.TC05_AddAnItemToWishList" name="testAddToWishList" time="1.488"/>
  <testcase classname="testCases.TC05_AddAnItemToWishList" name="testAddToWishList" time="1.781"/>
</testsuite> <!-- testCases.TC05_AddAnItemToWishList -->
