<?xml version="1.0" encoding="UTF-8"?>
<!-- Generated by org.testng.reporters.JUnitReportReporter -->
<testsuite hostname="Bindus-MacBook-Air.local" failures="0" tests="3" name="testCases.TC03_AddToCart" time="5.144" errors="0" timestamp="2025-02-14T09:16:07 PST" skipped="0">
  <testcase classname="testCases.TC03_AddToCart" name="testAddToCart" time="1.716"/>
  <testcase classname="testCases.TC03_AddToCart" name="testAddToCart" time="1.697"/>
  <testcase classname="testCases.TC03_AddToCart" name="testAddToCart" time="1.731"/>
</testsuite> <!-- testCases.TC03_AddToCart -->
