<?xml version="1.0" encoding="UTF-8"?>
<!-- Generated by org.testng.reporters.JUnitReportReporter -->
<testsuite hostname="Bindus-MacBook-Air.local" failures="0" tests="3" name="testCases.TC04_CompletePurchase" time="208.383" errors="0" timestamp="2025-02-14T09:16:07 PST" skipped="0">
  <testcase classname="testCases.TC04_CompletePurchase" name="testCompletePurchase" time="68.540"/>
  <testcase classname="testCases.TC04_CompletePurchase" name="testCompletePurchase" time="70.253"/>
  <testcase classname="testCases.TC04_CompletePurchase" name="testCompletePurchase" time="69.590"/>
</testsuite> <!-- testCases.TC04_CompletePurchase -->
