<?xml version="1.0" encoding="UTF-8"?>
<!-- Generated by org.testng.reporters.JUnitReportReporter -->
<testsuite hostname="Bindus-MacBook-Air.local" failures="0" tests="15" name="testCases.TC02_Login" time="32.771" errors="0" timestamp="2025-02-14T09:16:07 PST" skipped="0">
  <testcase classname="testCases.TC02_Login" name="testLogin" time="2.396"/>
  <testcase classname="testCases.TC02_Login" name="testLogin" time="1.915"/>
  <testcase classname="testCases.TC02_Login" name="testLogin" time="2.169"/>
  <testcase classname="testCases.TC02_Login" name="testLogin" time="2.103"/>
  <testcase classname="testCases.TC02_Login" name="testLogin" time="2.495"/>
  <testcase classname="testCases.TC02_Login" name="testLogin" time="2.437"/>
  <testcase classname="testCases.TC02_Login" name="testLogin" time="2.502"/>
  <testcase classname="testCases.TC02_Login" name="testLogin" time="2.332"/>
  <testcase classname="testCases.TC02_Login" name="testLogin" time="2.439"/>
  <testcase classname="testCases.TC02_Login" name="testLogin" time="2.044"/>
  <testcase classname="testCases.TC02_Login" name="testLogin" time="1.980"/>
  <testcase classname="testCases.TC02_Login" name="testLogin" time="1.975"/>
  <testcase classname="testCases.TC02_Login" name="testLogin" time="1.948"/>
  <testcase classname="testCases.TC02_Login" name="testLogin" time="2.109"/>
  <testcase classname="testCases.TC02_Login" name="testLogin" time="1.927"/>
</testsuite> <!-- testCases.TC02_Login -->
