<?xml version="1.0" encoding="UTF-8"?>
<!-- Generated by org.testng.reporters.JUnitReportReporter -->
<testsuite hostname="Bindus-MacBook-Air.local" failures="0" tests="3" name="testCases.TC01_LaunchApplication" time="0.254" errors="0" timestamp="2025-02-14T09:16:07 PST" skipped="0">
  <testcase classname="testCases.TC01_LaunchApplication" name="testLaunchApplication" time="0.152"/>
  <testcase classname="testCases.TC01_LaunchApplication" name="testLaunchApplication" time="0.041"/>
  <testcase classname="testCases.TC01_LaunchApplication" name="testLaunchApplication" time="0.061"/>
</testsuite> <!-- testCases.TC01_LaunchApplication -->
