<?xml version="1.0" encoding="UTF-8"?>
<!-- Generated by org.testng.reporters.JUnitReportReporter -->
<testsuite hostname="Bindus-MacBook-Air.local" failures="0" tests="15" name="testCases.TC02_Login" time="30.737" errors="0" timestamp="2025-02-18T15:46:18 PST" skipped="0">
  <testcase classname="testCases.TC02_Login" name="testLogin" time="2.048"/>
  <testcase classname="testCases.TC02_Login" name="testLogin" time="2.241"/>
  <testcase classname="testCases.TC02_Login" name="testLogin" time="1.943"/>
  <testcase classname="testCases.TC02_Login" name="testLogin" time="2.182"/>
  <testcase classname="testCases.TC02_Login" name="testLogin" time="1.987"/>
  <testcase classname="testCases.TC02_Login" name="testLogin" time="1.841"/>
  <testcase classname="testCases.TC02_Login" name="testLogin" time="1.942"/>
  <testcase classname="testCases.TC02_Login" name="testLogin" time="2.373"/>
  <testcase classname="testCases.TC02_Login" name="testLogin" time="2.154"/>
  <testcase classname="testCases.TC02_Login" name="testLogin" time="1.779"/>
  <testcase classname="testCases.TC02_Login" name="testLogin" time="2.130"/>
  <testcase classname="testCases.TC02_Login" name="testLogin" time="2.319"/>
  <testcase classname="testCases.TC02_Login" name="testLogin" time="1.763"/>
  <testcase classname="testCases.TC02_Login" name="testLogin" time="1.989"/>
  <testcase classname="testCases.TC02_Login" name="testLogin" time="2.046"/>
</testsuite> <!-- testCases.TC02_Login -->
