<?xml version="1.0" encoding="UTF-8"?>
<!-- Generated by org.testng.reporters.JUnitReportReporter -->
<testsuite hostname="Bindus-MacBook-Air.local" failures="0" tests="3" name="testCases.TC05_AddAnItemToWishList" time="5.811" errors="0" timestamp="2025-02-18T15:46:18 PST" skipped="0">
  <testcase classname="testCases.TC05_AddAnItemToWishList" name="testAddToWishList" time="2.405"/>
  <testcase classname="testCases.TC05_AddAnItemToWishList" name="testAddToWishList" time="1.719"/>
  <testcase classname="testCases.TC05_AddAnItemToWishList" name="testAddToWishList" time="1.687"/>
</testsuite> <!-- testCases.TC05_AddAnItemToWishList -->
