<?xml version="1.0" encoding="UTF-8"?>
<!-- Generated by org.testng.reporters.JUnitReportReporter -->
<testsuite hostname="Bindus-MacBook-Air.local" failures="0" tests="3" name="testCases.TC01_LaunchApplication" time="0.099" errors="0" timestamp="2025-02-18T15:46:18 PST" skipped="0">
  <testcase classname="testCases.TC01_LaunchApplication" name="testLaunchApplication" time="0.048"/>
  <testcase classname="testCases.TC01_LaunchApplication" name="testLaunchApplication" time="0.025"/>
  <testcase classname="testCases.TC01_LaunchApplication" name="testLaunchApplication" time="0.026"/>
</testsuite> <!-- testCases.TC01_LaunchApplication -->
