<?xml version="1.0" encoding="UTF-8"?>
<!-- Generated by org.testng.reporters.JUnitReportReporter -->
<testsuite hostname="Bindus-MacBook-Air.local" failures="0" tests="3" name="testCases.TC03_AddToCart" time="6.421" errors="0" timestamp="2025-02-18T15:46:18 PST" skipped="0">
  <testcase classname="testCases.TC03_AddToCart" name="testAddToCart" time="1.781"/>
  <testcase classname="testCases.TC03_AddToCart" name="testAddToCart" time="2.923"/>
  <testcase classname="testCases.TC03_AddToCart" name="testAddToCart" time="1.717"/>
</testsuite> <!-- testCases.TC03_AddToCart -->
